f:\segundo\cuatri2\ig\practica2.1\ig1app\x64\debug\vc142.pdb
f:\segundo\cuatri2\ig\practica2.1\ig1app\x64\debug\vc142.idb
f:\segundo\cuatri2\ig\practica2.1\ig1app\x64\debug\viewport.obj
f:\segundo\cuatri2\ig\practica2.1\ig1app\x64\debug\texture.obj
f:\segundo\cuatri2\ig\practica2.1\ig1app\x64\debug\scene.obj
f:\segundo\cuatri2\ig\practica2.1\ig1app\x64\debug\resources.obj
f:\segundo\cuatri2\ig\practica2.1\ig1app\x64\debug\pixmap32rgba.obj
f:\segundo\cuatri2\ig\practica2.1\ig1app\x64\debug\mesh.obj
f:\segundo\cuatri2\ig\practica2.1\ig1app\x64\debug\main.obj
f:\segundo\cuatri2\ig\practica2.1\ig1app\x64\debug\ig1app.obj
f:\segundo\cuatri2\ig\practica2.1\ig1app\x64\debug\entity.obj
f:\segundo\cuatri2\ig\practica2.1\ig1app\x64\debug\camera.obj
f:\segundo\cuatri2\ig\practica2.1\bin\ig1appdebug.exe
f:\segundo\cuatri2\ig\practica2.1\bin\ig1appdebug.ilk
f:\segundo\cuatri2\ig\practica2.1\bin\ig1appdebug.pdb
f:\segundo\cuatri2\ig\practica2.1\ig1app\x64\debug\ig1app.tlog\cl.command.1.tlog
f:\segundo\cuatri2\ig\practica2.1\ig1app\x64\debug\ig1app.tlog\cl.read.1.tlog
f:\segundo\cuatri2\ig\practica2.1\ig1app\x64\debug\ig1app.tlog\cl.write.1.tlog
f:\segundo\cuatri2\ig\practica2.1\ig1app\x64\debug\ig1app.tlog\link.command.1.tlog
f:\segundo\cuatri2\ig\practica2.1\ig1app\x64\debug\ig1app.tlog\link.read.1.tlog
f:\segundo\cuatri2\ig\practica2.1\ig1app\x64\debug\ig1app.tlog\link.write.1.tlog
